

Microchip Technology PIC18 LITE Macro Assembler V1.37 build -260352376 
                                                                                               Mon Oct 24 15:41:20 2016

Microchip Technology Omniscient Code Generator v1.37 (Free mode) build 201603110536
     1                           	processor	18F2550
     2                           	fnconf	rparam,??,?,0
     3                           	opt	pw 120
     4                           	opt	lm
     5                           	psect	cinit,global,reloc=2,class=CODE,delta=1
     6                           	psect	bssCOMRAM,global,class=COMRAM,space=1,delta=1
     7                           	psect	cstackCOMRAM,global,class=COMRAM,space=1,delta=1
     8                           	psect	text0,global,reloc=2,class=CODE,delta=1
     9                           	psect	text1,global,reloc=2,class=CODE,delta=1
    10                           	psect	text2,global,reloc=2,class=CODE,delta=1
    11                           	psect	text3,global,reloc=2,class=CODE,delta=1
    12                           	psect	text4,global,reloc=2,class=CODE,delta=1
    13                           	psect	text5,global,reloc=2,class=CODE,delta=1
    14                           	psect	text6,global,reloc=2,class=CODE,delta=1
    15                           	psect	intsave_regs,global,class=BIGRAM,space=1,delta=1
    16                           	psect	rparam,global,class=COMRAM,space=1,delta=1
    17  0000                     _PORTA	set	3968
    18  0000                     _PORTB	set	3969
    19  0000                     _PORTC	set	3970
    20  0000                     _TRISA	set	3986
    21  0000                     _TRISB	set	3987
    22  0000                     _TRISC	set	3988
    23  0000                     _TRISCbits	set	3988
    24  0000                     _ADCON1	set	4033
    25  0000                     _BAUDCONbits	set	4024
    26  0000                     _RCREG	set	4014
    27  0000                     _RCSTAbits	set	4011
    28  0000                     _SPBRG	set	4015
    29  0000                     _TXREG	set	4013
    30  0000                     _TXSTAbits	set	4012
    31                           
    32                           ; #config settings
    33  0000                     
    34                           	psect	cinit
    35  007A5E                     __pcinit:
    36                           	opt stack 0
    37  007A5E                     start_initialization:
    38                           	opt stack 0
    39  007A5E                     __initialization:
    40                           	opt stack 0
    41                           
    42                           ; Clear objects allocated to COMRAM (1 bytes)
    43  007A5E  6A17               	clrf	__pbssCOMRAM& (0+255),c
    44  007A60                     end_of_initialization:
    45                           	opt stack 0
    46  007A60                     __end_of__initialization:
    47                           	opt stack 0
    48  007A60  0100               	movlb	0
    49  007A62  EFFC  F03D         	goto	_main	;jump to C main() function
    50                           
    51                           	psect	bssCOMRAM
    52  000017                     __pbssCOMRAM:
    53                           	opt stack 0
    54  000017                     _baud:
    55                           	opt stack 0
    56  000017                     	ds	1
    57                           
    58                           	psect	cstackCOMRAM
    59  000001                     __pcstackCOMRAM:
    60                           	opt stack 0
    61  000001                     ?___aldiv:
    62                           	opt stack 0
    63  000001                     writeByte@data:
    64                           	opt stack 0
    65  000001                     D_UART_Enable@enable:
    66                           	opt stack 0
    67  000001                     ___aldiv@dividend:
    68                           	opt stack 0
    69                           
    70                           ; 4 bytes @ 0x0
    71  000001                     	ds	1
    72  000002                     D_UART_Write@data:
    73                           	opt stack 0
    74                           
    75                           ; 1 bytes @ 0x1
    76  000002                     	ds	3
    77  000005                     ___aldiv@divisor:
    78                           	opt stack 0
    79                           
    80                           ; 4 bytes @ 0x4
    81  000005                     	ds	4
    82  000009                     ___aldiv@counter:
    83                           	opt stack 0
    84                           
    85                           ; 1 bytes @ 0x8
    86  000009                     	ds	1
    87  00000A                     ___aldiv@sign:
    88                           	opt stack 0
    89                           
    90                           ; 1 bytes @ 0x9
    91  00000A                     	ds	1
    92  00000B                     ___aldiv@quotient:
    93                           	opt stack 0
    94                           
    95                           ; 4 bytes @ 0xA
    96  00000B                     	ds	4
    97  00000F                     D_UART_Init@baud:
    98                           	opt stack 0
    99                           
   100                           ; 2 bytes @ 0xE
   101  00000F                     	ds	2
   102  000011                     D_UART_Init@interrupts:
   103                           	opt stack 0
   104                           
   105                           ; 1 bytes @ 0x10
   106  000011                     	ds	1
   107  000012                     _D_UART_Init$853:
   108                           	opt stack 0
   109                           
   110                           ; 4 bytes @ 0x11
   111  000012                     	ds	4
   112  000016                     ??_main:
   113                           
   114                           ; 1 bytes @ 0x15
   115  000016                     	ds	1
   116                           
   117 ;;
   118 ;;Main: autosize = 0, tempsize = 1, incstack = 0, save=0
   119 ;;
   120 ;; *************** function _main *****************
   121 ;; Defined at:
   122 ;;		line 17 in file "main.c"
   123 ;; Parameters:    Size  Location     Type
   124 ;;		None
   125 ;; Auto vars:     Size  Location     Type
   126 ;;		None
   127 ;; Return value:  Size  Location     Type
   128 ;;                  1    wreg      void 
   129 ;; Registers used:
   130 ;;		wreg, status,2, status,0, cstack
   131 ;; Tracked objects:
   132 ;;		On entry : 0/0
   133 ;;		On exit  : 0/0
   134 ;;		Unchanged: 0/0
   135 ;; Data sizes:     COMRAM   BANK0   BANK1   BANK2   BANK3   BANK4   BANK5   BANK6   BANK7
   136 ;;      Params:         0       0       0       0       0       0       0       0       0
   137 ;;      Locals:         0       0       0       0       0       0       0       0       0
   138 ;;      Temps:          1       0       0       0       0       0       0       0       0
   139 ;;      Totals:         1       0       0       0       0       0       0       0       0
   140 ;;Total ram usage:        1 bytes
   141 ;; Hardware stack levels required when called:    2
   142 ;; This function calls:
   143 ;;		_D_PORT_Init
   144 ;;		_D_UART_Enable
   145 ;;		_D_UART_Init
   146 ;;		_D_UART_Write
   147 ;; This function is called by:
   148 ;;		Startup code after reset
   149 ;; This function uses a non-reentrant model
   150 ;;
   151                           
   152                           	psect	text0
   153  007BF8                     __ptext0:
   154                           	opt stack 0
   155  007BF8                     _main:
   156                           	opt stack 29
   157                           
   158                           ;main.c: 19: D_PORT_Init();
   159                           
   160                           ;incstack = 0
   161  007BF8  EC3E  F03D         	call	_D_PORT_Init	;wreg free
   162                           
   163                           ;main.c: 22: D_UART_Init(9600, 1);
   164  007BFC  0E25               	movlw	37
   165  007BFE  6E10               	movwf	D_UART_Init@baud+1,c
   166  007C00  0E80               	movlw	128
   167  007C02  6E0F               	movwf	D_UART_Init@baud,c
   168  007C04  0E01               	movlw	1
   169  007C06  6E11               	movwf	D_UART_Init@interrupts,c
   170  007C08  EC5D  F03D         	call	_D_UART_Init	;wreg free
   171                           
   172                           ;main.c: 23: D_UART_Enable(1);
   173  007C0C  0E01               	movlw	1
   174  007C0E  EC4D  F03D         	call	_D_UART_Enable
   175  007C12                     l904:
   176                           
   177                           ;main.c: 27: D_UART_Write(0x12);
   178  007C12  0E12               	movlw	18
   179  007C14  EC33  F03D         	call	_D_UART_Write
   180                           
   181                           ;main.c: 28: D_UART_Write(0x05);
   182  007C18  0E05               	movlw	5
   183  007C1A  EC33  F03D         	call	_D_UART_Write
   184                           
   185                           ;main.c: 29: _delay((unsigned long)((30)*(10000000/4000.0)));_delay((unsigned long)((30)
      +                          *(10000000/4000.0)));
   186  007C1E  0E62               	movlw	98
   187  007C20  6E16               	movwf	??_main& (0+255),c
   188  007C22  0E66               	movlw	102
   189  007C24                     u167:
   190  007C24  2EE8               	decfsz	wreg,f,c
   191  007C26  D7FE               	goto	u167
   192  007C28  2E16               	decfsz	??_main& (0+255),f,c
   193  007C2A  D7FC               	goto	u167
   194  007C2C  0E62               	movlw	98
   195  007C2E  6E16               	movwf	??_main& (0+255),c
   196  007C30  0E66               	movlw	102
   197  007C32                     u177:
   198  007C32  2EE8               	decfsz	wreg,f,c
   199  007C34  D7FE               	goto	u177
   200  007C36  2E16               	decfsz	??_main& (0+255),f,c
   201  007C38  D7FC               	goto	u177
   202                           
   203                           ;main.c: 30: _delay((unsigned long)((30)*(10000000/4000.0)));_delay((unsigned long)((30)
      +                          *(10000000/4000.0)));
   204  007C3A  0E62               	movlw	98
   205  007C3C  6E16               	movwf	??_main& (0+255),c
   206  007C3E  0E66               	movlw	102
   207  007C40                     u187:
   208  007C40  2EE8               	decfsz	wreg,f,c
   209  007C42  D7FE               	goto	u187
   210  007C44  2E16               	decfsz	??_main& (0+255),f,c
   211  007C46  D7FC               	goto	u187
   212  007C48  0E62               	movlw	98
   213  007C4A  6E16               	movwf	??_main& (0+255),c
   214  007C4C  0E66               	movlw	102
   215  007C4E                     u197:
   216  007C4E  2EE8               	decfsz	wreg,f,c
   217  007C50  D7FE               	goto	u197
   218  007C52  2E16               	decfsz	??_main& (0+255),f,c
   219  007C54  D7FC               	goto	u197
   220                           
   221                           ;main.c: 31: _delay((unsigned long)((30)*(10000000/4000.0)));_delay((unsigned long)((30)
      +                          *(10000000/4000.0)));
   222  007C56  0E62               	movlw	98
   223  007C58  6E16               	movwf	??_main& (0+255),c
   224  007C5A  0E66               	movlw	102
   225  007C5C                     u207:
   226  007C5C  2EE8               	decfsz	wreg,f,c
   227  007C5E  D7FE               	goto	u207
   228  007C60  2E16               	decfsz	??_main& (0+255),f,c
   229  007C62  D7FC               	goto	u207
   230  007C64  0E62               	movlw	98
   231  007C66  6E16               	movwf	??_main& (0+255),c
   232  007C68  0E66               	movlw	102
   233  007C6A                     u217:
   234  007C6A  2EE8               	decfsz	wreg,f,c
   235  007C6C  D7FE               	goto	u217
   236  007C6E  2E16               	decfsz	??_main& (0+255),f,c
   237  007C70  D7FC               	goto	u217
   238                           
   239                           ;main.c: 32: _delay((unsigned long)((30)*(10000000/4000.0)));_delay((unsigned long)((30)
      +                          *(10000000/4000.0)));
   240  007C72  0E62               	movlw	98
   241  007C74  6E16               	movwf	??_main& (0+255),c
   242  007C76  0E66               	movlw	102
   243  007C78                     u227:
   244  007C78  2EE8               	decfsz	wreg,f,c
   245  007C7A  D7FE               	goto	u227
   246  007C7C  2E16               	decfsz	??_main& (0+255),f,c
   247  007C7E  D7FC               	goto	u227
   248  007C80  0E62               	movlw	98
   249  007C82  6E16               	movwf	??_main& (0+255),c
   250  007C84  0E66               	movlw	102
   251  007C86                     u237:
   252  007C86  2EE8               	decfsz	wreg,f,c
   253  007C88  D7FE               	goto	u237
   254  007C8A  2E16               	decfsz	??_main& (0+255),f,c
   255  007C8C  D7FC               	goto	u237
   256                           
   257                           ;main.c: 33: _delay((unsigned long)((30)*(10000000/4000.0)));_delay((unsigned long)((30)
      +                          *(10000000/4000.0)));
   258  007C8E  0E62               	movlw	98
   259  007C90  6E16               	movwf	??_main& (0+255),c
   260  007C92  0E66               	movlw	102
   261  007C94                     u247:
   262  007C94  2EE8               	decfsz	wreg,f,c
   263  007C96  D7FE               	goto	u247
   264  007C98  2E16               	decfsz	??_main& (0+255),f,c
   265  007C9A  D7FC               	goto	u247
   266  007C9C  0E62               	movlw	98
   267  007C9E  6E16               	movwf	??_main& (0+255),c
   268  007CA0  0E66               	movlw	102
   269  007CA2                     u257:
   270  007CA2  2EE8               	decfsz	wreg,f,c
   271  007CA4  D7FE               	goto	u257
   272  007CA6  2E16               	decfsz	??_main& (0+255),f,c
   273  007CA8  D7FC               	goto	u257
   274                           
   275                           ;main.c: 34: _delay((unsigned long)((30)*(10000000/4000.0)));_delay((unsigned long)((30)
      +                          *(10000000/4000.0)));
   276  007CAA  0E62               	movlw	98
   277  007CAC  6E16               	movwf	??_main& (0+255),c
   278  007CAE  0E66               	movlw	102
   279  007CB0                     u267:
   280  007CB0  2EE8               	decfsz	wreg,f,c
   281  007CB2  D7FE               	goto	u267
   282  007CB4  2E16               	decfsz	??_main& (0+255),f,c
   283  007CB6  D7FC               	goto	u267
   284  007CB8  0E62               	movlw	98
   285  007CBA  6E16               	movwf	??_main& (0+255),c
   286  007CBC  0E66               	movlw	102
   287  007CBE                     u277:
   288  007CBE  2EE8               	decfsz	wreg,f,c
   289  007CC0  D7FE               	goto	u277
   290  007CC2  2E16               	decfsz	??_main& (0+255),f,c
   291  007CC4  D7FC               	goto	u277
   292                           
   293                           ;main.c: 35: _delay((unsigned long)((30)*(10000000/4000.0)));_delay((unsigned long)((30)
      +                          *(10000000/4000.0)));
   294  007CC6  0E62               	movlw	98
   295  007CC8  6E16               	movwf	??_main& (0+255),c
   296  007CCA  0E66               	movlw	102
   297  007CCC                     u287:
   298  007CCC  2EE8               	decfsz	wreg,f,c
   299  007CCE  D7FE               	goto	u287
   300  007CD0  2E16               	decfsz	??_main& (0+255),f,c
   301  007CD2  D7FC               	goto	u287
   302  007CD4  0E62               	movlw	98
   303  007CD6  6E16               	movwf	??_main& (0+255),c
   304  007CD8  0E66               	movlw	102
   305  007CDA                     u297:
   306  007CDA  2EE8               	decfsz	wreg,f,c
   307  007CDC  D7FE               	goto	u297
   308  007CDE  2E16               	decfsz	??_main& (0+255),f,c
   309  007CE0  D7FC               	goto	u297
   310                           
   311                           ;main.c: 36: _delay((unsigned long)((30)*(10000000/4000.0)));_delay((unsigned long)((30)
      +                          *(10000000/4000.0)));
   312  007CE2  0E62               	movlw	98
   313  007CE4  6E16               	movwf	??_main& (0+255),c
   314  007CE6  0E66               	movlw	102
   315  007CE8                     u307:
   316  007CE8  2EE8               	decfsz	wreg,f,c
   317  007CEA  D7FE               	goto	u307
   318  007CEC  2E16               	decfsz	??_main& (0+255),f,c
   319  007CEE  D7FC               	goto	u307
   320  007CF0  0E62               	movlw	98
   321  007CF2  6E16               	movwf	??_main& (0+255),c
   322  007CF4  0E66               	movlw	102
   323  007CF6                     u317:
   324  007CF6  2EE8               	decfsz	wreg,f,c
   325  007CF8  D7FE               	goto	u317
   326  007CFA  2E16               	decfsz	??_main& (0+255),f,c
   327  007CFC  D7FC               	goto	u317
   328  007CFE  D789               	goto	l904
   329  007D00                     __end_of_main:
   330                           	opt stack 0
   331                           wreg	equ	0xFE8
   332                           
   333 ;; *************** function _D_UART_Write *****************
   334 ;; Defined at:
   335 ;;		line 81 in file "Drivers/UART_Driver.c"
   336 ;; Parameters:    Size  Location     Type
   337 ;;  data            1    wreg     unsigned char 
   338 ;; Auto vars:     Size  Location     Type
   339 ;;  data            1    1[COMRAM] unsigned char 
   340 ;; Return value:  Size  Location     Type
   341 ;;                  1    wreg      void 
   342 ;; Registers used:
   343 ;;		wreg, status,2, cstack
   344 ;; Tracked objects:
   345 ;;		On entry : 0/0
   346 ;;		On exit  : 0/0
   347 ;;		Unchanged: 0/0
   348 ;; Data sizes:     COMRAM   BANK0   BANK1   BANK2   BANK3   BANK4   BANK5   BANK6   BANK7
   349 ;;      Params:         0       0       0       0       0       0       0       0       0
   350 ;;      Locals:         1       0       0       0       0       0       0       0       0
   351 ;;      Temps:          0       0       0       0       0       0       0       0       0
   352 ;;      Totals:         1       0       0       0       0       0       0       0       0
   353 ;;Total ram usage:        1 bytes
   354 ;; Hardware stack levels used:    1
   355 ;; Hardware stack levels required when called:    1
   356 ;; This function calls:
   357 ;;		_writeByte
   358 ;; This function is called by:
   359 ;;		_main
   360 ;; This function uses a non-reentrant model
   361 ;;
   362                           
   363                           	psect	text1
   364  007A66                     __ptext1:
   365                           	opt stack 0
   366  007A66                     _D_UART_Write:
   367                           	opt stack 29
   368                           
   369                           ;incstack = 0
   370                           ;D_UART_Write@data stored from wreg
   371  007A66  6E02               	movwf	D_UART_Write@data,c
   372                           
   373                           ;UART_Driver.c: 82: writeByte(data);
   374  007A68  5002               	movf	D_UART_Write@data,w,c
   375  007A6A  EC38  F03D         	call	_writeByte
   376  007A6E  0012               	return		;funcret
   377  007A70                     __end_of_D_UART_Write:
   378                           	opt stack 0
   379                           wreg	equ	0xFE8
   380                           
   381 ;; *************** function _writeByte *****************
   382 ;; Defined at:
   383 ;;		line 28 in file "Drivers/UART_Driver.c"
   384 ;; Parameters:    Size  Location     Type
   385 ;;  data            1    wreg     unsigned char 
   386 ;; Auto vars:     Size  Location     Type
   387 ;;  data            1    0[COMRAM] unsigned char 
   388 ;; Return value:  Size  Location     Type
   389 ;;                  1    wreg      void 
   390 ;; Registers used:
   391 ;;		wreg
   392 ;; Tracked objects:
   393 ;;		On entry : 0/0
   394 ;;		On exit  : 0/0
   395 ;;		Unchanged: 0/0
   396 ;; Data sizes:     COMRAM   BANK0   BANK1   BANK2   BANK3   BANK4   BANK5   BANK6   BANK7
   397 ;;      Params:         0       0       0       0       0       0       0       0       0
   398 ;;      Locals:         1       0       0       0       0       0       0       0       0
   399 ;;      Temps:          0       0       0       0       0       0       0       0       0
   400 ;;      Totals:         1       0       0       0       0       0       0       0       0
   401 ;;Total ram usage:        1 bytes
   402 ;; Hardware stack levels used:    1
   403 ;; This function calls:
   404 ;;		Nothing
   405 ;; This function is called by:
   406 ;;		_D_UART_Write
   407 ;;		_putch
   408 ;; This function uses a non-reentrant model
   409 ;;
   410                           
   411                           	psect	text2
   412  007A70                     __ptext2:
   413                           	opt stack 0
   414  007A70                     _writeByte:
   415                           	opt stack 29
   416                           
   417                           ;incstack = 0
   418                           ;writeByte@data stored from wreg
   419  007A70  6E01               	movwf	writeByte@data,c
   420  007A72                     l21:
   421  007A72  A2AC               	btfss	4012,1,c	;volatile
   422  007A74  D7FE               	goto	l21
   423                           
   424                           ;UART_Driver.c: 30: TXREG = data;
   425  007A76  C001  FFAD         	movff	writeByte@data,4013	;volatile
   426  007A7A  0012               	return		;funcret
   427  007A7C                     __end_of_writeByte:
   428                           	opt stack 0
   429                           wreg	equ	0xFE8
   430                           
   431 ;; *************** function _D_UART_Init *****************
   432 ;; Defined at:
   433 ;;		line 46 in file "Drivers/UART_Driver.c"
   434 ;; Parameters:    Size  Location     Type
   435 ;;  baud            2   14[COMRAM] unsigned int 
   436 ;;  interrupts      1   16[COMRAM] unsigned char 
   437 ;; Auto vars:     Size  Location     Type
   438 ;;		None
   439 ;; Return value:  Size  Location     Type
   440 ;;                  1    wreg      void 
   441 ;; Registers used:
   442 ;;		wreg, status,2, status,0, cstack
   443 ;; Tracked objects:
   444 ;;		On entry : 0/0
   445 ;;		On exit  : 0/0
   446 ;;		Unchanged: 0/0
   447 ;; Data sizes:     COMRAM   BANK0   BANK1   BANK2   BANK3   BANK4   BANK5   BANK6   BANK7
   448 ;;      Params:         3       0       0       0       0       0       0       0       0
   449 ;;      Locals:         4       0       0       0       0       0       0       0       0
   450 ;;      Temps:          0       0       0       0       0       0       0       0       0
   451 ;;      Totals:         7       0       0       0       0       0       0       0       0
   452 ;;Total ram usage:        7 bytes
   453 ;; Hardware stack levels used:    1
   454 ;; Hardware stack levels required when called:    1
   455 ;; This function calls:
   456 ;;		_D_UART_Enable
   457 ;;		___aldiv
   458 ;; This function is called by:
   459 ;;		_main
   460 ;; This function uses a non-reentrant model
   461 ;;
   462                           
   463                           	psect	text3
   464  007ABA                     __ptext3:
   465                           	opt stack 0
   466  007ABA                     _D_UART_Init:
   467                           	opt stack 29
   468                           
   469                           ;UART_Driver.c: 48: TRISCbits.TRISC7 = 0;
   470                           
   471                           ;incstack = 0
   472  007ABA  9E94               	bcf	3988,7,c	;volatile
   473                           
   474                           ;UART_Driver.c: 49: TRISCbits.TRISC6 = 1;
   475  007ABC  8C94               	bsf	3988,6,c	;volatile
   476                           
   477                           ;UART_Driver.c: 55: D_UART_Enable(0);
   478  007ABE  0E00               	movlw	0
   479  007AC0  EC4D  F03D         	call	_D_UART_Enable
   480                           
   481                           ;UART_Driver.c: 58: TXSTAbits.TX9 = 0;
   482  007AC4  9CAC               	bcf	4012,6,c	;volatile
   483                           
   484                           ;UART_Driver.c: 59: TXSTAbits.SYNC = 0;
   485  007AC6  98AC               	bcf	4012,4,c	;volatile
   486                           
   487                           ;UART_Driver.c: 60: TXSTAbits.BRGH = 0;
   488  007AC8  94AC               	bcf	4012,2,c	;volatile
   489                           
   490                           ;UART_Driver.c: 63: RCSTAbits.RX9 = 0;
   491  007ACA  9CAB               	bcf	4011,6,c	;volatile
   492                           
   493                           ;UART_Driver.c: 66: BAUDCONbits.RXDTP = 1;
   494  007ACC  8AB8               	bsf	4024,5,c	;volatile
   495                           
   496                           ;UART_Driver.c: 67: BAUDCONbits.TXCKP = 1;
   497  007ACE  88B8               	bsf	4024,4,c	;volatile
   498                           
   499                           ;UART_Driver.c: 68: BAUDCONbits.BRG16 = 0;
   500  007AD0  96B8               	bcf	4024,3,c	;volatile
   501                           
   502                           ;UART_Driver.c: 73: SPBRG = ((10000000/baud)/64)-1;
   503  007AD2  C00F  F005         	movff	D_UART_Init@baud,___aldiv@divisor
   504  007AD6  C010  F006         	movff	D_UART_Init@baud+1,___aldiv@divisor+1
   505  007ADA  6A07               	clrf	___aldiv@divisor+2,c
   506  007ADC  6A08               	clrf	___aldiv@divisor+3,c
   507  007ADE  0E80               	movlw	128
   508  007AE0  6E01               	movwf	___aldiv@dividend,c
   509  007AE2  0E96               	movlw	150
   510  007AE4  6E02               	movwf	___aldiv@dividend+1,c
   511  007AE6  0E98               	movlw	152
   512  007AE8  6E03               	movwf	___aldiv@dividend+2,c
   513  007AEA  0E00               	movlw	0
   514  007AEC  6E04               	movwf	___aldiv@dividend+3,c
   515  007AEE  EC96  F03D         	call	___aldiv	;wreg free
   516  007AF2  C001  F012         	movff	?___aldiv,_D_UART_Init$853
   517  007AF6  C002  F013         	movff	?___aldiv+1,_D_UART_Init$853+1
   518  007AFA  C003  F014         	movff	?___aldiv+2,_D_UART_Init$853+2
   519  007AFE  C004  F015         	movff	?___aldiv+3,_D_UART_Init$853+3
   520                           
   521                           ;UART_Driver.c: 73: SPBRG = ((10000000/baud)/64)-1;
   522  007B02  C012  F001         	movff	_D_UART_Init$853,___aldiv@dividend
   523  007B06  C013  F002         	movff	_D_UART_Init$853+1,___aldiv@dividend+1
   524  007B0A  C014  F003         	movff	_D_UART_Init$853+2,___aldiv@dividend+2
   525  007B0E  C015  F004         	movff	_D_UART_Init$853+3,___aldiv@dividend+3
   526  007B12  0E40               	movlw	64
   527  007B14  6E05               	movwf	___aldiv@divisor,c
   528  007B16  0E00               	movlw	0
   529  007B18  6E06               	movwf	___aldiv@divisor+1,c
   530  007B1A  0E00               	movlw	0
   531  007B1C  6E07               	movwf	___aldiv@divisor+2,c
   532  007B1E  0E00               	movlw	0
   533  007B20  6E08               	movwf	___aldiv@divisor+3,c
   534  007B22  EC96  F03D         	call	___aldiv	;wreg free
   535  007B26  0401               	decf	?___aldiv,w,c
   536  007B28  6EAF               	movwf	4015,c	;volatile
   537  007B2A  0012               	return	
   538  007B2C                     __end_of_D_UART_Init:
   539                           	opt stack 0
   540                           wreg	equ	0xFE8
   541                           
   542 ;; *************** function ___aldiv *****************
   543 ;; Defined at:
   544 ;;		line 8 in file "/opt/microchip/xc8/v1.37/sources/common/aldiv.c"
   545 ;; Parameters:    Size  Location     Type
   546 ;;  dividend        4    0[COMRAM] long 
   547 ;;  divisor         4    4[COMRAM] long 
   548 ;; Auto vars:     Size  Location     Type
   549 ;;  quotient        4   10[COMRAM] long 
   550 ;;  sign            1    9[COMRAM] unsigned char 
   551 ;;  counter         1    8[COMRAM] unsigned char 
   552 ;; Return value:  Size  Location     Type
   553 ;;                  4    0[COMRAM] long 
   554 ;; Registers used:
   555 ;;		wreg, status,2, status,0
   556 ;; Tracked objects:
   557 ;;		On entry : 0/0
   558 ;;		On exit  : 0/0
   559 ;;		Unchanged: 0/0
   560 ;; Data sizes:     COMRAM   BANK0   BANK1   BANK2   BANK3   BANK4   BANK5   BANK6   BANK7
   561 ;;      Params:         8       0       0       0       0       0       0       0       0
   562 ;;      Locals:         6       0       0       0       0       0       0       0       0
   563 ;;      Temps:          0       0       0       0       0       0       0       0       0
   564 ;;      Totals:        14       0       0       0       0       0       0       0       0
   565 ;;Total ram usage:       14 bytes
   566 ;; Hardware stack levels used:    1
   567 ;; This function calls:
   568 ;;		Nothing
   569 ;; This function is called by:
   570 ;;		_D_UART_Init
   571 ;; This function uses a non-reentrant model
   572 ;;
   573                           
   574                           	psect	text4
   575  007B2C                     __ptext4:
   576                           	opt stack 0
   577  007B2C                     ___aldiv:
   578                           	opt stack 29
   579                           
   580                           ;incstack = 0
   581  007B2C  0E00               	movlw	0
   582  007B2E  6E0A               	movwf	___aldiv@sign,c
   583  007B30  AE08               	btfss	___aldiv@divisor+3,7,c
   584  007B32  D00A               	goto	l838
   585  007B34  1E08               	comf	___aldiv@divisor+3,f,c
   586  007B36  1E07               	comf	___aldiv@divisor+2,f,c
   587  007B38  1E06               	comf	___aldiv@divisor+1,f,c
   588  007B3A  6C05               	negf	___aldiv@divisor,c
   589  007B3C  0E00               	movlw	0
   590  007B3E  2206               	addwfc	___aldiv@divisor+1,f,c
   591  007B40  2207               	addwfc	___aldiv@divisor+2,f,c
   592  007B42  2208               	addwfc	___aldiv@divisor+3,f,c
   593  007B44  0E01               	movlw	1
   594  007B46  6E0A               	movwf	___aldiv@sign,c
   595  007B48                     l838:
   596  007B48  AE04               	btfss	___aldiv@dividend+3,7,c
   597  007B4A  D00A               	goto	l844
   598  007B4C  1E04               	comf	___aldiv@dividend+3,f,c
   599  007B4E  1E03               	comf	___aldiv@dividend+2,f,c
   600  007B50  1E02               	comf	___aldiv@dividend+1,f,c
   601  007B52  6C01               	negf	___aldiv@dividend,c
   602  007B54  0E00               	movlw	0
   603  007B56  2202               	addwfc	___aldiv@dividend+1,f,c
   604  007B58  2203               	addwfc	___aldiv@dividend+2,f,c
   605  007B5A  2204               	addwfc	___aldiv@dividend+3,f,c
   606  007B5C  0E01               	movlw	1
   607  007B5E  1A0A               	xorwf	___aldiv@sign,f,c
   608  007B60                     l844:
   609  007B60  0E00               	movlw	0
   610  007B62  6E0B               	movwf	___aldiv@quotient,c
   611  007B64  0E00               	movlw	0
   612  007B66  6E0C               	movwf	___aldiv@quotient+1,c
   613  007B68  0E00               	movlw	0
   614  007B6A  6E0D               	movwf	___aldiv@quotient+2,c
   615  007B6C  0E00               	movlw	0
   616  007B6E  6E0E               	movwf	___aldiv@quotient+3,c
   617  007B70  5005               	movf	___aldiv@divisor,w,c
   618  007B72  1006               	iorwf	___aldiv@divisor+1,w,c
   619  007B74  1007               	iorwf	___aldiv@divisor+2,w,c
   620  007B76  1008               	iorwf	___aldiv@divisor+3,w,c
   621  007B78  B4D8               	btfsc	status,2,c
   622  007B7A  D02A               	goto	l866
   623  007B7C  0E01               	movlw	1
   624  007B7E  6E09               	movwf	___aldiv@counter,c
   625  007B80  D006               	goto	l852
   626  007B82                     l850:
   627  007B82  90D8               	bcf	status,0,c
   628  007B84  3605               	rlcf	___aldiv@divisor,f,c
   629  007B86  3606               	rlcf	___aldiv@divisor+1,f,c
   630  007B88  3607               	rlcf	___aldiv@divisor+2,f,c
   631  007B8A  3608               	rlcf	___aldiv@divisor+3,f,c
   632  007B8C  2A09               	incf	___aldiv@counter,f,c
   633  007B8E                     l852:
   634  007B8E  AE08               	btfss	___aldiv@divisor+3,7,c
   635  007B90  D7F8               	goto	l850
   636  007B92                     l854:
   637  007B92  90D8               	bcf	status,0,c
   638  007B94  360B               	rlcf	___aldiv@quotient,f,c
   639  007B96  360C               	rlcf	___aldiv@quotient+1,f,c
   640  007B98  360D               	rlcf	___aldiv@quotient+2,f,c
   641  007B9A  360E               	rlcf	___aldiv@quotient+3,f,c
   642  007B9C  5005               	movf	___aldiv@divisor,w,c
   643  007B9E  5C01               	subwf	___aldiv@dividend,w,c
   644  007BA0  5006               	movf	___aldiv@divisor+1,w,c
   645  007BA2  5802               	subwfb	___aldiv@dividend+1,w,c
   646  007BA4  5007               	movf	___aldiv@divisor+2,w,c
   647  007BA6  5803               	subwfb	___aldiv@dividend+2,w,c
   648  007BA8  5008               	movf	___aldiv@divisor+3,w,c
   649  007BAA  5804               	subwfb	___aldiv@dividend+3,w,c
   650  007BAC  A0D8               	btfss	status,0,c
   651  007BAE  D009               	goto	l862
   652  007BB0  5005               	movf	___aldiv@divisor,w,c
   653  007BB2  5E01               	subwf	___aldiv@dividend,f,c
   654  007BB4  5006               	movf	___aldiv@divisor+1,w,c
   655  007BB6  5A02               	subwfb	___aldiv@dividend+1,f,c
   656  007BB8  5007               	movf	___aldiv@divisor+2,w,c
   657  007BBA  5A03               	subwfb	___aldiv@dividend+2,f,c
   658  007BBC  5008               	movf	___aldiv@divisor+3,w,c
   659  007BBE  5A04               	subwfb	___aldiv@dividend+3,f,c
   660  007BC0  800B               	bsf	___aldiv@quotient,0,c
   661  007BC2                     l862:
   662  007BC2  90D8               	bcf	status,0,c
   663  007BC4  3208               	rrcf	___aldiv@divisor+3,f,c
   664  007BC6  3207               	rrcf	___aldiv@divisor+2,f,c
   665  007BC8  3206               	rrcf	___aldiv@divisor+1,f,c
   666  007BCA  3205               	rrcf	___aldiv@divisor,f,c
   667  007BCC  2E09               	decfsz	___aldiv@counter,f,c
   668  007BCE  D7E1               	goto	l854
   669  007BD0                     l866:
   670  007BD0  500A               	movf	___aldiv@sign,w,c
   671  007BD2  B4D8               	btfsc	status,2,c
   672  007BD4  D008               	goto	l870
   673  007BD6  1E0E               	comf	___aldiv@quotient+3,f,c
   674  007BD8  1E0D               	comf	___aldiv@quotient+2,f,c
   675  007BDA  1E0C               	comf	___aldiv@quotient+1,f,c
   676  007BDC  6C0B               	negf	___aldiv@quotient,c
   677  007BDE  0E00               	movlw	0
   678  007BE0  220C               	addwfc	___aldiv@quotient+1,f,c
   679  007BE2  220D               	addwfc	___aldiv@quotient+2,f,c
   680  007BE4  220E               	addwfc	___aldiv@quotient+3,f,c
   681  007BE6                     l870:
   682  007BE6  C00B  F001         	movff	___aldiv@quotient,?___aldiv
   683  007BEA  C00C  F002         	movff	___aldiv@quotient+1,?___aldiv+1
   684  007BEE  C00D  F003         	movff	___aldiv@quotient+2,?___aldiv+2
   685  007BF2  C00E  F004         	movff	___aldiv@quotient+3,?___aldiv+3
   686  007BF6  0012               	return	
   687  007BF8                     __end_of___aldiv:
   688                           	opt stack 0
   689                           wreg	equ	0xFE8
   690                           status	equ	0xFD8
   691                           
   692 ;; *************** function _D_UART_Enable *****************
   693 ;; Defined at:
   694 ;;		line 89 in file "Drivers/UART_Driver.c"
   695 ;; Parameters:    Size  Location     Type
   696 ;;  enable          1    wreg     unsigned char 
   697 ;; Auto vars:     Size  Location     Type
   698 ;;  enable          1    0[COMRAM] unsigned char 
   699 ;; Return value:  Size  Location     Type
   700 ;;                  1    wreg      void 
   701 ;; Registers used:
   702 ;;		wreg, status,2
   703 ;; Tracked objects:
   704 ;;		On entry : 0/0
   705 ;;		On exit  : 0/0
   706 ;;		Unchanged: 0/0
   707 ;; Data sizes:     COMRAM   BANK0   BANK1   BANK2   BANK3   BANK4   BANK5   BANK6   BANK7
   708 ;;      Params:         0       0       0       0       0       0       0       0       0
   709 ;;      Locals:         1       0       0       0       0       0       0       0       0
   710 ;;      Temps:          0       0       0       0       0       0       0       0       0
   711 ;;      Totals:         1       0       0       0       0       0       0       0       0
   712 ;;Total ram usage:        1 bytes
   713 ;; Hardware stack levels used:    1
   714 ;; This function calls:
   715 ;;		Nothing
   716 ;; This function is called by:
   717 ;;		_D_UART_Init
   718 ;;		_main
   719 ;; This function uses a non-reentrant model
   720 ;;
   721                           
   722                           	psect	text5
   723  007A9A                     __ptext5:
   724                           	opt stack 0
   725  007A9A                     _D_UART_Enable:
   726                           	opt stack 29
   727                           
   728                           ;incstack = 0
   729                           ;D_UART_Enable@enable stored from wreg
   730  007A9A  6E01               	movwf	D_UART_Enable@enable,c
   731                           
   732                           ;UART_Driver.c: 90: if(enable) {
   733  007A9C  5001               	movf	D_UART_Enable@enable,w,c
   734  007A9E  B4D8               	btfsc	status,2,c
   735  007AA0  D006               	goto	l42
   736                           
   737                           ;UART_Driver.c: 91: TRISCbits.TRISC7 = 0;
   738  007AA2  9E94               	bcf	3988,7,c	;volatile
   739                           
   740                           ;UART_Driver.c: 92: TRISCbits.TRISC6 = 1;
   741  007AA4  8C94               	bsf	3988,6,c	;volatile
   742                           
   743                           ;UART_Driver.c: 93: TXSTAbits.TXEN = 1;
   744  007AA6  8AAC               	bsf	4012,5,c	;volatile
   745                           
   746                           ;UART_Driver.c: 94: RCSTAbits.CREN = 1;
   747  007AA8  88AB               	bsf	4011,4,c	;volatile
   748                           
   749                           ;UART_Driver.c: 95: RCSTAbits.SPEN = 1;
   750  007AAA  8EAB               	bsf	4011,7,c	;volatile
   751                           
   752                           ;UART_Driver.c: 96: } else {
   753  007AAC  0012               	return	
   754  007AAE                     l42:
   755                           
   756                           ;UART_Driver.c: 97: TRISCbits.TRISC7 = 0;
   757  007AAE  9E94               	bcf	3988,7,c	;volatile
   758                           
   759                           ;UART_Driver.c: 98: TRISCbits.TRISC6 = 0;
   760  007AB0  9C94               	bcf	3988,6,c	;volatile
   761                           
   762                           ;UART_Driver.c: 99: TXSTAbits.TXEN = 0;
   763  007AB2  9AAC               	bcf	4012,5,c	;volatile
   764                           
   765                           ;UART_Driver.c: 100: RCSTAbits.CREN = 0;
   766  007AB4  98AB               	bcf	4011,4,c	;volatile
   767                           
   768                           ;UART_Driver.c: 101: RCSTAbits.SPEN = 0;
   769  007AB6  9EAB               	bcf	4011,7,c	;volatile
   770  007AB8  0012               	return	
   771  007ABA                     __end_of_D_UART_Enable:
   772                           	opt stack 0
   773                           wreg	equ	0xFE8
   774                           status	equ	0xFD8
   775                           
   776 ;; *************** function _D_PORT_Init *****************
   777 ;; Defined at:
   778 ;;		line 32 in file "Drivers/PORT_Driver.c"
   779 ;; Parameters:    Size  Location     Type
   780 ;;		None
   781 ;; Auto vars:     Size  Location     Type
   782 ;;		None
   783 ;; Return value:  Size  Location     Type
   784 ;;                  1    wreg      void 
   785 ;; Registers used:
   786 ;;		wreg, status,2
   787 ;; Tracked objects:
   788 ;;		On entry : 0/0
   789 ;;		On exit  : 0/0
   790 ;;		Unchanged: 0/0
   791 ;; Data sizes:     COMRAM   BANK0   BANK1   BANK2   BANK3   BANK4   BANK5   BANK6   BANK7
   792 ;;      Params:         0       0       0       0       0       0       0       0       0
   793 ;;      Locals:         0       0       0       0       0       0       0       0       0
   794 ;;      Temps:          0       0       0       0       0       0       0       0       0
   795 ;;      Totals:         0       0       0       0       0       0       0       0       0
   796 ;;Total ram usage:        0 bytes
   797 ;; Hardware stack levels used:    1
   798 ;; This function calls:
   799 ;;		Nothing
   800 ;; This function is called by:
   801 ;;		_main
   802 ;; This function uses a non-reentrant model
   803 ;;
   804                           
   805                           	psect	text6
   806  007A7C                     __ptext6:
   807                           	opt stack 0
   808  007A7C                     _D_PORT_Init:
   809                           	opt stack 30
   810                           
   811                           ;PORT_Driver.c: 33: TRISA = 0x00; PORTA = 0x00;
   812                           
   813                           ;incstack = 0
   814  007A7C  0E00               	movlw	0
   815  007A7E  6E92               	movwf	3986,c	;volatile
   816  007A80  0E00               	movlw	0
   817  007A82  6E80               	movwf	3968,c	;volatile
   818                           
   819                           ;PORT_Driver.c: 34: TRISB = 0x00; PORTB = 0x00;
   820  007A84  0E00               	movlw	0
   821  007A86  6E93               	movwf	3987,c	;volatile
   822  007A88  0E00               	movlw	0
   823  007A8A  6E81               	movwf	3969,c	;volatile
   824                           
   825                           ;PORT_Driver.c: 35: TRISC = 0x00; PORTC = 0x00;
   826  007A8C  0E00               	movlw	0
   827  007A8E  6E94               	movwf	3988,c	;volatile
   828  007A90  0E00               	movlw	0
   829  007A92  6E82               	movwf	3970,c	;volatile
   830                           
   831                           ;PORT_Driver.c: 38: ADCON1 = 0x0F;
   832  007A94  0E0F               	movlw	15
   833  007A96  6EC1               	movwf	4033,c	;volatile
   834  007A98  0012               	return		;funcret
   835  007A9A                     __end_of_D_PORT_Init:
   836                           	opt stack 0
   837  0000                     wreg	equ	0xFE8
   838                           status	equ	0xFD8
   839                           wreg	equ	0xFE8
   840                           status	equ	0xFD8
   841                           
   842                           	psect	rparam
   843  0000                     wreg	equ	0xFE8
   844                           status	equ	0xFD8


Data Sizes:
    Strings     0
    Constant    0
    Data        0
    BSS         1
    Persistent  0
    Stack       0

Auto Spaces:
    Space          Size  Autos    Used
    COMRAM           95     22      23
    BANK0           160      0       0
    BANK1           256      0       0
    BANK2           256      0       0
    BANK3           239      0       0
    BANK4           256      0       0
    BANK5           256      0       0
    BANK6           256      0       0
    BANK7           256      0       0

Pointer List with Targets:

    None.

Critical Paths under _main in COMRAM

    _main->_D_UART_Init
    _D_UART_Write->_writeByte
    _D_UART_Init->___aldiv

Critical Paths under _main in BANK0

    None.

Critical Paths under _main in BANK1

    None.

Critical Paths under _main in BANK2

    None.

Critical Paths under _main in BANK3

    None.

Critical Paths under _main in BANK4

    None.

Critical Paths under _main in BANK5

    None.

Critical Paths under _main in BANK6

    None.

Critical Paths under _main in BANK7

    None.

Call Graph Tables:

 ---------------------------------------------------------------------------------
 (Depth) Function   	        Calls       Base Space   Used Autos Params    Refs
 ---------------------------------------------------------------------------------
 (0) _main                                                 1     1      0     825
                                             21 COMRAM     1     1      0
                        _D_PORT_Init
                      _D_UART_Enable
                        _D_UART_Init
                       _D_UART_Write
 ---------------------------------------------------------------------------------
 (1) _D_UART_Write                                         1     1      0      30
                                              1 COMRAM     1     1      0
                          _writeByte
 ---------------------------------------------------------------------------------
 (2) _writeByte                                            1     1      0      15
                                              0 COMRAM     1     1      0
 ---------------------------------------------------------------------------------
 (1) _D_UART_Init                                          7     4      3     773
                                             14 COMRAM     7     4      3
                      _D_UART_Enable
                            ___aldiv
 ---------------------------------------------------------------------------------
 (2) ___aldiv                                             14     6      8     556
                                              0 COMRAM    14     6      8
 ---------------------------------------------------------------------------------
 (2) _D_UART_Enable                                        1     1      0      22
                                              0 COMRAM     1     1      0
 ---------------------------------------------------------------------------------
 (1) _D_PORT_Init                                          0     0      0       0
 ---------------------------------------------------------------------------------
 Estimated maximum stack depth 2
 ---------------------------------------------------------------------------------

 Call Graph Graphs:

 _main (ROOT)
   _D_PORT_Init
   _D_UART_Enable
   _D_UART_Init
     _D_UART_Enable
     ___aldiv
   _D_UART_Write
     _writeByte

 Address spaces:
Name               Size   Autos  Total    Cost      Usage
BIGRAM_1           400      0       0      21        0.0%
BIGRAM             3EE      0       0      22        0.0%
EEDATA             100      0       0       0        0.0%
BITBANK7           100      0       0      19        0.0%
BANK7              100      0       0      20        0.0%
BITBANK6           100      0       0      17        0.0%
BANK6              100      0       0      18        0.0%
BITBANK5           100      0       0      15        0.0%
BANK5              100      0       0      16        0.0%
BITBANK4           100      0       0      13        0.0%
BANK4              100      0       0      14        0.0%
BITBANK2           100      0       0       8        0.0%
BANK2              100      0       0       9        0.0%
BITBANK1           100      0       0       6        0.0%
BANK1              100      0       0       7        0.0%
BITBANK3            EF      0       0      12        0.0%
BANK3               EF      0       0      10        0.0%
BITBANK0            A0      0       0       4        0.0%
BANK0               A0      0       0       5        0.0%
BITCOMRAM           5F      0       0       0        0.0%
COMRAM              5F     16      17       1       24.2%
BITSFR_5             0      0       0      40        0.0%
SFR_5                0      0       0      40        0.0%
BITSFR_4             0      0       0      40        0.0%
SFR_4                0      0       0      40        0.0%
BITSFR_3             0      0       0      40        0.0%
SFR_3                0      0       0      40        0.0%
BITSFR_2             0      0       0      40        0.0%
SFR_2                0      0       0      40        0.0%
BITSFR_1             0      0       0      40        0.0%
SFR_1                0      0       0      40        0.0%
BITSFR               0      0       0      40        0.0%
SFR                  0      0       0      40        0.0%
STACK                0      0       0       2        0.0%
NULL                 0      0       0       0        0.0%
ABS                  0      0      17      11        0.0%
DATA                 0      0      17       3        0.0%
CODE                 0      0       0       0        0.0%


Microchip Technology PIC18 Macro Assembler V1.37 build -260352376 
Symbol Table                                                                                   Mon Oct 24 15:41:20 2016

                     l21 7A72                       l42 7AAE              __CFG_BOR$ON 000000  
            __CFG_BORV$3 000000             __CFG_CP0$OFF 000000             __CFG_CP1$OFF 000000  
           __CFG_CP2$OFF 000000             __CFG_CP3$OFF 000000                      l904 7C12  
                    l850 7B82                      l852 7B8E                      l844 7B60  
                    l870 7BE6                      l862 7BC2                      l854 7B92  
                    l838 7B48                      l866 7BD0             __CFG_CPB$OFF 000000  
                    u207 7C5C                      u217 7C6A                      u307 7CE8  
                    u227 7C78                      u317 7CF6                      u237 7C86  
                    u247 7C94                      u167 7C24                      u257 7CA2  
                    u177 7C32             __CFG_CPD$OFF 000000                      u267 7CB0  
                    u187 7C40                      u277 7CBE                      u197 7C4E  
                    u287 7CCC                      u297 7CDA                      wreg 000FE8  
           __CFG_FOSC$HS 000000             __CFG_LVP$OFF 000000             __CFG_WDT$OFF 000000  
                   _baud 0017                     _main 7BF8                     start 0002  
          __CFG_IESO$OFF 000000            __CFG_MCLRE$ON 000000             ___param_bank 000010  
          __CFG_PLLDIV$5 000000          __end_of___aldiv 7BF8                    ?_main 0001  
                  _RCREG 000FAE                    _SPBRG 000FAF                    _PORTA 000F80  
                  _PORTB 000F81                    _PORTC 000F82            __CFG_USBDIV$1 000000  
                  _TRISA 000F92                    _TRISB 000F93                    _TRISC 000F94  
                  _TXREG 000FAD            __CFG_PWRT$OFF 000000            __CFG_WRT0$OFF 000000  
          __CFG_WRT1$OFF 000000            __CFG_WRT2$OFF 000000            __CFG_WRT3$OFF 000000  
         __CFG_EBTR0$OFF 000000           __CFG_FCMEN$OFF 000000           __CFG_EBTR1$OFF 000000  
         __CFG_EBTR2$OFF 000000           __CFG_EBTR3$OFF 000000            __CFG_WRTB$OFF 000000  
          __CFG_WRTC$OFF 000000            __CFG_WRTD$OFF 000000           __CFG_EBTRB$OFF 000000  
           ?_D_UART_Init 000F                    status 000FD8             ?_D_PORT_Init 0001  
        __initialization 7A5E             __end_of_main 7D00                   ??_main 0016  
          __activetblptr 000000          __CFG_CCP2MX$OFF 000000                   _ADCON1 000FC1  
         __CFG_XINST$OFF 000000                ??___aldiv 0009    D_UART_Init@interrupts 0011  
          ?_D_UART_Write 0001          D_UART_Init@baud 000F               __accesstop 0060  
__end_of__initialization 7A60          __CFG_PBADEN$OFF 000000            ___rparam_used 000001  
         __pcstackCOMRAM 0001   __size_of_D_UART_Enable 0020           ??_D_UART_Write 0002  
   __size_of_D_UART_Init 0072     __size_of_D_PORT_Init 001E      D_UART_Enable@enable 0001  
        __CFG_VREGEN$OFF 000000       __size_of_writeByte 000C            _D_UART_Enable 7A9A  
                __Hparam 0000                  __Lparam 0000                  ___aldiv 7B2C  
        __CFG_STVREN$OFF 000000                  __pcinit 7A5E                  __ramtop 0800  
                __ptext0 7BF8                  __ptext1 7A66                  __ptext2 7A70  
                __ptext3 7ABA                  __ptext4 7B2C                  __ptext5 7A9A  
                __ptext6 7A7C         ___aldiv@dividend 0001     end_of_initialization 7A60  
         ?_D_UART_Enable 0001     __end_of_D_UART_Write 7A70                _RCSTAbits 000FAB  
       ___aldiv@quotient 000B        __end_of_writeByte 7A7C                _TRISCbits 000F94  
              _TXSTAbits 000FAC              _BAUDCONbits 000FB8      start_initialization 7A5E  
        _D_UART_Init$853 0012          ??_D_UART_Enable 0001         __CFG_LPT1OSC$OFF 000000  
       D_UART_Write@data 0002              __pbssCOMRAM 0017            ??_D_UART_Init 0012  
  __size_of_D_UART_Write 000A            ??_D_PORT_Init 0001                 ?___aldiv 0001  
           _D_UART_Write 7A66          ___aldiv@divisor 0005          ___aldiv@counter 0009  
    __end_of_D_UART_Init 7B2C         __CFG_WDTPS$32768 000000      __end_of_D_PORT_Init 7A9A  
              _writeByte 7A70                 __Hrparam 0000                 __Lrparam 0000  
       __size_of___aldiv 00CC               ?_writeByte 0001              _D_UART_Init 7ABA  
          __size_of_main 0108              _D_PORT_Init 7A7C    __CFG_CPUDIV$OSC1_PLL2 000000  
  __end_of_D_UART_Enable 7ABA            writeByte@data 0001             ___aldiv@sign 000A  
            ??_writeByte 0001  
